 ---------------------------------------------------------
 --        Results of the Monte Carlo Simulation        --
 ---------------------------------------------------------

 Monte Carlo Processes (total):  300
      (successfully completed):  147

 Zeropoint:	-3.288599721e-07
 Uncertainty:	1.699728139e-06

 Nr.	Freq. sigma	Ampl. sigma	Pha. sigma
 ---------------------------------------------------------
 F1	1.153742603e-05	2.278346276e-06	0.0003325941311
 F2	1.328278059e-05	2.464113219e-06	0.0003472367282
 F3	1.270967082e-05	2.270804732e-06	0.0003790091987
 F4	2.119709482e-05	2.643142662e-06	0.0006556149166
 F5	2.746994431e-05	2.403418175e-06	0.0008791320366
 F6	2.831219855e-05	2.384285496e-06	0.0008696659712
 F7	5.38332865e-05	2.295538375e-06	0.001658549726
 F8	5.374629395e-05	2.288781552e-06	0.001772487353
 F9	6.881446886e-05	2.223447347e-06	0.002258754636



 Results for each process:
 -------------------------

 Proc#	Zeropoint	F1: Freq	F1: Amplitude	F1: Phase	F2: Freq	F2: Amplitude	F2: Phase	F3: Freq	F3: Amplitude	F3: Phase	F4: Freq	F4: Amplitude	F4: Phase	F5: Freq	F5: Amplitude	F5: Phase	F6: Freq	F6: Amplitude	F6: Phase	F7: Freq	F7: Amplitude	F7: Phase	F8: Freq	F8: Amplitude	F8: Phase	F9: Freq	F9: Amplitude	F9: Phase	
 0	2.489251e-06	47.43890	0.001047667	0.6098147	53.69187	0.0009674229	0.2677139	50.49184	0.0009345272	0.8056980	54.23771	0.0005609046	0.01677791	39.06307	0.0004423035	0.7832512	46.54307	0.0004140628	0.3929246	48.91876	0.0002328285	0.3879674	43.52772	0.0002145890	0.1131140	47.28383	0.0001601925	0.3104144
 1	1.672892e-06	47.43889	0.001050578	0.6099711	53.69186	0.0009707946	0.2681023	50.49182	0.0009394507	0.8049792	54.23773	0.0005589173	0.01686005	39.06305	0.0004433671	0.7823039	46.54299	0.0004101479	0.3933280	48.91883	0.0002286039	0.3879379	43.52770	0.0002132724	0.1087727	47.28379	0.0001642766	0.3067529
 2	-1.465404e-07	47.43891	0.001049954	0.6095411	53.69187	0.0009681875	0.2677694	50.49183	0.0009398548	0.8048619	54.23769	0.0005615563	0.01749634	39.06307	0.0004425792	0.7827992	46.54299	0.0004119298	0.3921044	48.91875	0.0002316440	0.3905642	43.52761	0.0002136330	0.1107266	47.28390	0.0001647192	0.3095752
 3	-1.134711e-06	47.43891	0.001045226	0.6096373	53.69185	0.0009684729	0.2680674	50.49183	0.0009358183	0.8055109	54.23772	0.0005579319	0.01774365	39.06308	0.0004437863	0.7813943	46.54305	0.0004098307	0.3929304	48.91875	0.0002307945	0.3885976	43.52764	0.0002123559	0.1080838	47.28378	0.0001658376	0.3062951
 4	1.325745e-06	47.43888	0.001046760	0.6101882	53.69186	0.0009660579	0.2675502	50.49185	0.0009371381	0.8058124	54.23774	0.0005631899	0.01725620	39.06310	0.0004395585	0.7812843	46.54303	0.0004075315	0.3924993	48.91886	0.0002334172	0.3877508	43.52771	0.0002083253	0.1078874	47.28377	0.0001643597	0.3068409
 5	-9.360414e-07	47.43891	0.001048810	0.6096754	53.69186	0.0009673756	0.2685671	50.49182	0.0009371499	0.8047901	54.23769	0.0005597011	0.01790257	39.06306	0.0004430887	0.7831750	46.54307	0.0004152922	0.3935725	48.91877	0.0002323818	0.3905851	43.52782	0.0002143005	0.1087965	47.28373	0.0001661322	0.3087400
 6	2.124564e-06	47.43892	0.001047796	0.6097009	53.69188	0.0009672276	0.2685403	50.49184	0.0009336442	0.8051697	54.23769	0.0005597774	0.01749430	39.06307	0.0004429426	0.7824806	46.54302	0.0004129601	0.3925768	48.91874	0.0002276527	0.3902188	43.52767	0.0002116323	0.1119232	47.28381	0.0001637205	0.3085653
 7	8.804000e-08	47.43890	0.001049675	0.6092135	53.69186	0.0009678896	0.2675863	50.49183	0.0009328601	0.8051134	54.23773	0.0005625865	0.01761761	39.06299	0.0004435688	0.7823719	46.54303	0.0004144881	0.3926002	48.91878	0.0002298358	0.3900956	43.52774	0.0002111930	0.1112328	47.28369	0.0001669054	0.3088962
 8	-4.288021e-07	47.43889	0.001047613	0.6097931	53.69186	0.0009673590	0.2676269	50.49180	0.0009328135	0.8053489	54.23771	0.0005602481	0.01807515	39.06303	0.0004384670	0.7831844	46.54306	0.0004118135	0.3924128	48.91878	0.0002275562	0.3868605	43.52768	0.0002127916	0.1087646	47.28384	0.0001643968	0.3089580
 9	7.015614e-07	47.43890	0.001053603	0.6097836	53.69186	0.0009690902	0.2683788	50.49186	0.0009335940	0.8055524	54.23769	0.0005618238	0.01721503	39.06300	0.0004390606	0.7829330	46.54304	0.0004086378	0.3926943	48.91883	0.0002290952	0.3882912	43.52771	0.0002125544	0.1093285	47.28380	0.0001645134	0.3082313
 10	-1.937819e-06	47.43889	0.001049659	0.6090508	53.69186	0.0009709471	0.2683059	50.49182	0.0009374223	0.8059112	54.23774	0.0005603067	0.01725460	39.06302	0.0004415434	0.7817897	46.54306	0.0004110595	0.3919192	48.91870	0.0002296382	0.3860373	43.52768	0.0002118620	0.1095009	47.28381	0.0001642181	0.3105897
 11	1.277389e-06	47.43889	0.001047399	0.6096268	53.69184	0.0009674114	0.2686920	50.49183	0.0009400529	0.8050416	54.23771	0.0005588174	0.01697168	39.06302	0.0004423311	0.7826558	46.54302	0.0004144495	0.3931050	48.91885	0.0002258340	0.3872101	43.52777	0.0002154907	0.1102468	47.28380	0.0001615170	0.3048410
 12	1.506559e-06	47.43889	0.001047287	0.6092194	53.69188	0.0009690799	0.2680550	50.49184	0.0009371163	0.8054457	54.23773	0.0005621798	0.01761238	39.06308	0.0004393158	0.7839337	46.54304	0.0004120069	0.3918714	48.91878	0.0002285579	0.3892362	43.52772	0.0002111906	0.1107003	47.28377	0.0001618745	0.3086708
 13	-1.774937e-06	47.43889	0.001046794	0.6097626	53.69185	0.0009660445	0.2681031	50.49184	0.0009365058	0.8055695	54.23772	0.0005590985	0.01620716	39.06304	0.0004385477	0.7831410	46.54302	0.0004114101	0.3934604	48.91883	0.0002321250	0.3874735	43.52779	0.0002144581	0.1098623	47.28380	0.0001644514	0.3069698
 14	-3.601080e-07	47.43889	0.001051003	0.6091251	53.69186	0.0009682134	0.2677440	50.49184	0.0009315457	0.8059118	54.23771	0.0005591835	0.01612317	39.06309	0.0004414408	0.7817940	46.54309	0.0004127847	0.3932763	48.91880	0.0002330504	0.3865005	43.52773	0.0002149993	0.1115654	47.28396	0.0001650175	0.3081504
 15	-2.869004e-06	47.43891	0.001048726	0.6099400	53.69187	0.0009684412	0.2682472	50.49185	0.0009340640	0.8048321	54.23772	0.0005562905	0.01678782	39.06306	0.0004434958	0.7846638	46.54300	0.0004144525	0.3938463	48.91878	0.0002327111	0.3905315	43.52772	0.0002127390	0.1121267	47.28389	0.0001621029	0.3063897
 16	-1.403386e-06	47.43891	0.001047203	0.6100169	53.69185	0.0009662242	0.2676890	50.49184	0.0009372430	0.8059587	54.23772	0.0005641664	0.01741677	39.06304	0.0004383756	0.7815052	46.54300	0.0004125485	0.3938503	48.91879	0.0002303116	0.3891126	43.52782	0.0002123026	0.1073812	47.28382	0.0001653209	0.3107654
 17	8.426710e-07	47.43888	0.001054672	0.6096872	53.69187	0.0009641232	0.2679172	50.49183	0.0009338515	0.8050606	54.23773	0.0005601916	0.01710778	39.06306	0.0004382521	0.7832620	46.54303	0.0004127740	0.3927941	48.91879	0.0002282888	0.3895845	43.52778	0.0002121501	0.1081279	47.28379	0.0001645362	0.3075973
 18	-2.308241e-06	47.43888	0.001048891	0.6092942	53.69185	0.0009682288	0.2679718	50.49184	0.0009302072	0.8053154	54.23772	0.0005643481	0.01669482	39.06307	0.0004394721	0.7827971	46.54304	0.0004107109	0.3938613	48.91875	0.0002298020	0.3874176	43.52780	0.0002102255	0.1088762	47.28379	0.0001618358	0.3062932
 19	1.060683e-06	47.43890	0.001046734	0.6089765	53.69186	0.0009683092	0.2685538	50.49184	0.0009322575	0.8052317	54.23772	0.0005608094	0.01794023	39.06303	0.0004428603	0.7828554	46.54307	0.0004122757	0.3932914	48.91875	0.0002293573	0.3898998	43.52774	0.0002104719	0.1093568	47.28384	0.0001649492	0.3076213
 20	-4.253927e-08	47.43891	0.001045661	0.6094056	53.69186	0.0009668523	0.2678955	50.49184	0.0009366249	0.8053284	54.23771	0.0005573868	0.01646415	39.06306	0.0004402542	0.7832804	46.54301	0.0004140367	0.3923400	48.91880	0.0002288858	0.3877081	43.52772	0.0002132761	0.1094539	47.28375	0.0001624566	0.3077052
 21	-9.327050e-07	47.43890	0.001049156	0.6092576	53.69187	0.0009658694	0.2681213	50.49183	0.0009332286	0.8055038	54.23772	0.0005627855	0.01837223	39.06306	0.0004397926	0.7835721	46.54305	0.0004107112	0.3915035	48.91877	0.0002281705	0.3852185	43.52771	0.0002112956	0.1074434	47.28383	0.0001618634	0.3091274
 22	-6.141607e-07	47.43891	0.001046771	0.6099810	53.69187	0.0009625705	0.2682373	50.49184	0.0009374924	0.8058329	54.23770	0.0005658993	0.01747785	39.06306	0.0004420650	0.7824207	46.54301	0.0004118997	0.3932293	48.91883	0.0002343809	0.3907936	43.52773	0.0002147777	0.1065841	47.28376	0.0001650949	0.3077906
 23	-2.859118e-06	47.43889	0.001048753	0.6094947	53.69185	0.0009680940	0.2680809	50.49182	0.0009338245	0.8052534	54.23770	0.0005615570	0.01633061	39.06307	0.0004416635	0.7826548	46.54304	0.0004105864	0.3915753	48.91880	0.0002296628	0.3870853	43.52778	0.0002126006	0.1096368	47.28382	0.0001640363	0.3075213
 24	-2.241679e-06	47.43890	0.001047851	0.6097761	53.69187	0.0009693093	0.2680371	50.49181	0.0009315697	0.8049373	54.23770	0.0005595231	0.01722961	39.06301	0.0004384662	0.7811355	46.54305	0.0004157622	0.3934859	48.91869	0.0002292162	0.3868683	43.52770	0.0002104875	0.1077243	47.28378	0.0001640536	0.3129067
 25	-1.506703e-06	47.43891	0.001048989	0.6097946	53.69184	0.0009651214	0.2678285	50.49184	0.0009356675	0.8051756	54.23772	0.0005635002	0.01768657	39.06303	0.0004431600	0.7828666	46.54302	0.0004134166	0.3931676	48.91875	0.0002274026	0.3900961	43.52777	0.0002124006	0.1106422	47.28379	0.0001612011	0.3071345
 26	-4.903545e-07	47.43891	0.001049108	0.6098527	53.69185	0.0009678100	0.2682906	50.49183	0.0009350106	0.8059638	54.23770	0.0005635179	0.01687833	39.06307	0.0004379263	0.7831678	46.54309	0.0004098037	0.3916065	48.91876	0.0002290985	0.3900878	43.52769	0.0002133610	0.1110083	47.28387	0.0001635743	0.3087801
 27	-2.365759e-06	47.43890	0.001046572	0.6100112	53.69185	0.0009681032	0.2679714	50.49182	0.0009357576	0.8054114	54.23770	0.0005666876	0.01704761	39.06304	0.0004412208	0.7814337	46.54301	0.0004153217	0.3937312	48.91873	0.0002302984	0.3879493	43.52769	0.0002132941	0.1090941	47.28377	0.0001622997	0.3082048
 28	1.316285e-06	47.43889	0.001046533	0.6104365	53.69186	0.0009659858	0.2681368	50.49185	0.0009360575	0.8053121	54.23771	0.0005653449	0.01650028	39.06304	0.0004397266	0.7826761	46.54307	0.0004141369	0.3919846	48.91876	0.0002267616	0.3907121	43.52778	0.0002096502	0.1083585	47.28378	0.0001651268	0.3056211
 29	-7.651544e-07	47.43890	0.001042374	0.6092260	53.69184	0.0009660567	0.2682102	50.49183	0.0009335423	0.8059916	54.23771	0.0005611864	0.01729018	39.06309	0.0004378820	0.7826099	46.54301	0.0004153397	0.3923111	48.91876	0.0002288780	0.3876788	43.52776	0.0002101511	0.1100585	47.28381	0.0001670047	0.3074633
 30	8.401075e-07	47.43889	0.001048329	0.6095010	53.69187	0.0009653148	0.2684156	50.49187	0.0009362312	0.8053469	54.23770	0.0005623250	0.01724883	39.06304	0.0004370449	0.7842659	46.54302	0.0004141336	0.3917229	48.91866	0.0002311966	0.3890972	43.52773	0.0002114797	0.1084976	47.28380	0.0001666269	0.3056598
 31	8.701776e-07	47.43888	0.001047315	0.6093912	53.69186	0.0009662792	0.2683473	50.49182	0.0009353673	0.8049696	54.23769	0.0005602548	0.01669117	39.06304	0.0004381712	0.7825106	46.54304	0.0004101574	0.3914126	48.91882	0.0002311904	0.3877548	43.52770	0.0002117870	0.1112701	47.28375	0.0001663135	0.3107750
 32	-3.765998e-06	47.43890	0.001047495	0.6095256	53.69184	0.0009684975	0.2675228	50.49184	0.0009324419	0.8053522	54.23770	0.0005581439	0.01714513	39.06305	0.0004390182	0.7840220	46.54301	0.0004135073	0.3930573	48.91882	0.0002303234	0.3856980	43.52773	0.0002140683	0.1112043	47.28371	0.0001663384	0.3076723
 33	1.460481e-06	47.43890	0.001047302	0.6100430	53.69185	0.0009676025	0.2677428	50.49185	0.0009342622	0.8054578	54.23771	0.0005587111	0.01773840	39.06302	0.0004403428	0.7833358	46.54301	0.0004133776	0.3920135	48.91875	0.0002290391	0.3882436	43.52775	0.0002157532	0.1098567	47.28372	0.0001628612	0.3094440
 34	-2.694182e-06	47.43890	0.001049884	0.6094198	53.69185	0.0009657189	0.2679643	50.49184	0.0009347099	0.8059334	54.23772	0.0005603379	0.01792936	39.06305	0.0004396156	0.7815195	46.54300	0.0004172388	0.3918821	48.91871	0.0002276409	0.3854435	43.52775	0.0002081675	0.1107297	47.28374	0.0001659261	0.3098749
 35	-9.686001e-07	47.43890	0.001046032	0.6090107	53.69183	0.0009679494	0.2680313	50.49183	0.0009341192	0.8053921	54.23773	0.0005606709	0.01819529	39.06304	0.0004430041	0.7819975	46.54304	0.0004130649	0.3923300	48.91878	0.0002248748	0.3891612	43.52777	0.0002085009	0.1097102	47.28371	0.0001636401	0.3095416
 36	9.606650e-07	47.43891	0.001046237	0.6093977	53.69184	0.0009721690	0.2678315	50.49184	0.0009340752	0.8053449	54.23773	0.0005614052	0.01796019	39.06302	0.0004459829	0.7829707	46.54301	0.0004153214	0.3912666	48.91877	0.0002289859	0.3896497	43.52769	0.0002139741	0.1113349	47.28377	0.0001686075	0.3107647
 37	-9.728216e-07	47.43892	0.001046997	0.6091294	53.69185	0.0009685205	0.2682238	50.49184	0.0009355957	0.8049888	54.23769	0.0005628498	0.01665559	39.06305	0.0004409677	0.7829704	46.54305	0.0004102648	0.3922433	48.91883	0.0002315594	0.3898588	43.52770	0.0002109490	0.1101040	47.28367	0.0001648686	0.3080342
 38	-2.104348e-06	47.43890	0.001045355	0.6095654	53.69186	0.0009700805	0.2679023	50.49183	0.0009327841	0.8057650	54.23771	0.0005623949	0.01738219	39.06305	0.0004392950	0.7817023	46.54301	0.0004127920	0.3915321	48.91879	0.0002303626	0.3890797	43.52767	0.0002130348	0.1084975	47.28376	0.0001626020	0.3066504
 39	2.465051e-07	47.43890	0.001046284	0.6101053	53.69186	0.0009658104	0.2678616	50.49184	0.0009374690	0.8054190	54.23768	0.0005601655	0.01817484	39.06305	0.0004392386	0.7823286	46.54303	0.0004108395	0.3935122	48.91872	0.0002268925	0.3903125	43.52774	0.0002104373	0.1122086	47.28381	0.0001615120	0.3079764
 40	8.459976e-07	47.43891	0.001049839	0.6100431	53.69185	0.0009685848	0.2685969	50.49184	0.0009362621	0.8053861	54.23772	0.0005646296	0.01775636	39.06307	0.0004406090	0.7826847	46.54306	0.0004133958	0.3938234	48.91877	0.0002293931	0.3925343	43.52776	0.0002176402	0.1113356	47.28380	0.0001602074	0.3114022
 41	7.203822e-07	47.43890	0.001050550	0.6092206	53.69184	0.0009659642	0.2677345	50.49182	0.0009348924	0.8056366	54.23771	0.0005631091	0.01665152	39.06302	0.0004429422	0.7811163	46.54301	0.0004091117	0.3940354	48.91881	0.0002275832	0.3870266	43.52779	0.0002127350	0.1097481	47.28376	0.0001671927	0.3104155
 42	5.106521e-08	47.43892	0.001048595	0.6097554	53.69185	0.0009666288	0.2674617	50.49181	0.0009314777	0.8050851	54.23774	0.0005624551	0.01636005	39.06302	0.0004423653	0.7823704	46.54302	0.0004100344	0.3933236	48.91878	0.0002309361	0.3881468	43.52774	0.0002110769	0.1089556	47.28373	0.0001662442	0.3107444
 43	-2.504603e-06	47.43891	0.001048308	0.6094044	53.69186	0.0009652394	0.2681502	50.49184	0.0009342511	0.8053039	54.23774	0.0005605210	0.01723707	39.06305	0.0004403521	0.7816219	46.54299	0.0004084239	0.3926048	48.91879	0.0002297249	0.3883059	43.52772	0.0002120734	0.1090506	47.28376	0.0001648761	0.3083573
 44	-8.311689e-07	47.43890	0.001047070	0.6097484	53.69184	0.0009676780	0.2677966	50.49184	0.0009331243	0.8052661	54.23773	0.0005638151	0.01662362	39.06305	0.0004388677	0.7835882	46.54303	0.0004135608	0.3930950	48.91881	0.0002303614	0.3904619	43.52777	0.0002140709	0.1088453	47.28377	0.0001633571	0.3109718
 45	3.400293e-07	47.43889	0.001045936	0.6093641	53.69185	0.0009687234	0.2675398	50.49184	0.0009347199	0.8051775	54.23768	0.0005638053	0.01749421	39.06305	0.0004361867	0.7823737	46.54305	0.0004121334	0.3913482	48.91871	0.0002311968	0.3902971	43.52770	0.0002165752	0.1123931	47.28381	0.0001662575	0.3081691
 46	-1.474271e-06	47.43889	0.001049560	0.6095940	53.69185	0.0009723769	0.2680427	50.49185	0.0009348669	0.8050260	54.23774	0.0005626201	0.01694774	39.06304	0.0004384079	0.7846754	46.54303	0.0004128464	0.3923278	48.91878	0.0002275125	0.3880162	43.52772	0.0002120457	0.1110052	47.28381	0.0001687151	0.3112540
 47	7.056079e-07	47.43890	0.001045196	0.6099410	53.69188	0.0009629792	0.2673588	50.49183	0.0009353819	0.8054879	54.23773	0.0005585840	0.01833180	39.06309	0.0004389166	0.7830591	46.54302	0.0004106885	0.3925786	48.91878	0.0002323591	0.3881450	43.52779	0.0002107250	0.1131100	47.28377	0.0001665341	0.3085740
 48	-1.527274e-06	47.43890	0.001050018	0.6099082	53.69183	0.0009696864	0.2682218	50.49184	0.0009326428	0.8054100	54.23773	0.0005591458	0.01708135	39.06309	0.0004396748	0.7829888	46.54302	0.0004093841	0.3927473	48.91869	0.0002339618	0.3865018	43.52778	0.0002129210	0.1121117	47.28368	0.0001644212	0.3123852
 49	-8.617207e-07	47.43890	0.001050475	0.6093950	53.69184	0.0009705294	0.2685205	50.49181	0.0009370666	0.8050475	54.23771	0.0005612179	0.01589972	39.06308	0.0004428916	0.7824019	46.54305	0.0004102491	0.3924339	48.91876	0.0002320416	0.3899223	43.52764	0.0002087839	0.1086012	47.28369	0.0001675480	0.3054802
 50	2.370179e-06	47.43891	0.001049157	0.6094254	53.69186	0.0009655614	0.2681769	50.49186	0.0009362053	0.8052486	54.23773	0.0005582032	0.01751808	39.06306	0.0004352662	0.7827081	46.54305	0.0004151431	0.3941373	48.91884	0.0002307689	0.3859394	43.52779	0.0002145147	0.1111082	47.28375	0.0001636957	0.3073774
 51	-3.351454e-06	47.43891	0.001050999	0.6092811	53.69185	0.0009660582	0.2675597	50.49184	0.0009353084	0.8052577	54.23770	0.0005614407	0.01848364	39.06303	0.0004378757	0.7822278	46.54308	0.0004112371	0.3919552	48.91883	0.0002298865	0.3907692	43.52776	0.0002111168	0.1074242	47.28376	0.0001617503	0.3093868
 52	3.422264e-07	47.43889	0.001042157	0.6092474	53.69184	0.0009676047	0.2683423	50.49183	0.0009359077	0.8047750	54.23771	0.0005629990	0.01814805	39.06304	0.0004393482	0.7828158	46.54302	0.0004167101	0.3938868	48.91881	0.0002306053	0.3865987	43.52770	0.0002102265	0.1099648	47.28383	0.0001678539	0.3059147
 53	1.046776e-06	47.43891	0.001045477	0.6097262	53.69187	0.0009626866	0.2683491	50.49182	0.0009362259	0.8049834	54.23775	0.0005618914	0.01841856	39.06304	0.0004391462	0.7817331	46.54303	0.0004117900	0.3927704	48.91868	0.0002312198	0.3877354	43.52772	0.0002153978	0.1092617	47.28385	0.0001665428	0.3092225
 54	9.261753e-07	47.43890	0.001047376	0.6089853	53.69185	0.0009622182	0.2683231	50.49182	0.0009329731	0.8052017	54.23772	0.0005589349	0.01712846	39.06309	0.0004392485	0.7823817	46.54310	0.0004100447	0.3922468	48.91891	0.0002334225	0.3876323	43.52771	0.0002111167	0.1100406	47.28384	0.0001663438	0.3114542
 55	1.006692e-06	47.43890	0.001044800	0.6092389	53.69187	0.0009685176	0.2680648	50.49184	0.0009335281	0.8053474	54.23773	0.0005580614	0.01764886	39.06305	0.0004402347	0.7814217	46.54301	0.0004111910	0.3917214	48.91882	0.0002318133	0.3904268	43.52766	0.0002146084	0.1104128	47.28371	0.0001715130	0.3050949
 56	-1.502465e-06	47.43891	0.001048377	0.6092022	53.69186	0.0009676382	0.2678325	50.49183	0.0009365564	0.8056976	54.23768	0.0005573599	0.01737423	39.06306	0.0004379406	0.7838674	46.54300	0.0004108866	0.3919694	48.91879	0.0002270951	0.3863705	43.52777	0.0002127719	0.1096824	47.28380	0.0001677637	0.3071220
 57	-5.786370e-07	47.43890	0.001047781	0.6097441	53.69187	0.0009693244	0.2684351	50.49184	0.0009356985	0.8057851	54.23771	0.0005592757	0.01717361	39.06305	0.0004397516	0.7829179	46.54302	0.0004123723	0.3941354	48.91881	0.0002298887	0.3882901	43.52762	0.0002114669	0.1088908	47.28388	0.0001648473	0.3078138
 58	-8.368957e-07	47.43889	0.001048206	0.6092223	53.69185	0.0009663407	0.2676895	50.49183	0.0009364208	0.8059194	54.23772	0.0005599343	0.01781373	39.06304	0.0004399797	0.7808773	46.54302	0.0004126628	0.3928260	48.91880	0.0002253051	0.3884183	43.52766	0.0002151075	0.1092123	47.28386	0.0001664698	0.3054540
 59	-2.366755e-06	47.43889	0.001049010	0.6099487	53.69186	0.0009657499	0.2676008	50.49181	0.0009337197	0.8058543	54.23771	0.0005594346	0.01684148	39.06306	0.0004410582	0.7819463	46.54308	0.0004094748	0.3921615	48.91876	0.0002317238	0.3889024	43.52772	0.0002121733	0.1083186	47.28375	0.0001650635	0.3091006
 60	-2.059999e-06	47.43891	0.001048244	0.6093104	53.69187	0.0009641838	0.2679036	50.49185	0.0009371126	0.8055551	54.23770	0.0005661171	0.01685226	39.06307	0.0004375882	0.7825208	46.54305	0.0004129242	0.3936365	48.91874	0.0002311176	0.3867317	43.52777	0.0002099388	0.1106012	47.28387	0.0001659687	0.3107272
 61	4.056959e-06	47.43889	0.001045526	0.6094967	53.69184	0.0009686351	0.2679878	50.49184	0.0009376568	0.8053877	54.23765	0.0005616702	0.01692025	39.06307	0.0004378672	0.7834159	46.54302	0.0004137574	0.3936901	48.91882	0.0002304970	0.3889815	43.52776	0.0002114930	0.1078489	47.28379	0.0001668614	0.3051233
 62	4.371704e-07	47.43890	0.001049497	0.6099028	53.69186	0.0009649015	0.2681811	50.49184	0.0009374682	0.8051241	54.23771	0.0005655573	0.01650078	39.06304	0.0004430547	0.7827067	46.54301	0.0004140647	0.3926231	48.91879	0.0002287905	0.3901621	43.52768	0.0002151854	0.1076396	47.28383	0.0001639474	0.3079741
 63	1.040098e-06	47.43890	0.001048467	0.6093143	53.69186	0.0009746794	0.2673658	50.49183	0.0009328589	0.8048202	54.23770	0.0005647530	0.01850248	39.06305	0.0004418136	0.7825322	46.54307	0.0004135535	0.3920491	48.91882	0.0002307932	0.3886004	43.52778	0.0002115168	0.1083633	47.28379	0.0001651610	0.3115440
 64	-1.407187e-06	47.43890	0.001049193	0.6093596	53.69186	0.0009693614	0.2677855	50.49183	0.0009314233	0.8054790	54.23774	0.0005591660	0.01705753	39.06306	0.0004388792	0.7826101	46.54306	0.0004154071	0.3931118	48.91879	0.0002284744	0.3898305	43.52772	0.0002095816	0.1093483	47.28384	0.0001639136	0.3075607
 65	-5.924663e-07	47.43890	0.001049463	0.6097032	53.69185	0.0009702946	0.2682859	50.49184	0.0009346485	0.8053828	54.23771	0.0005633022	0.01690386	39.06306	0.0004407480	0.7836488	46.54305	0.0004119167	0.3923119	48.91876	0.0002331621	0.3881283	43.52767	0.0002118006	0.1105958	47.28380	0.0001649787	0.3095575
 66	-1.294185e-06	47.43890	0.001049626	0.6094892	53.69185	0.0009662017	0.2680654	50.49183	0.0009344880	0.8052424	54.23770	0.0005570306	0.01757278	39.06303	0.0004384512	0.7813790	46.54303	0.0004109508	0.3929186	48.91871	0.0002318127	0.3877859	43.52782	0.0002119144	0.1080392	47.28386	0.0001636639	0.3111604
 67	-2.726636e-07	47.43891	0.001049438	0.6096681	53.69185	0.0009707332	0.2683170	50.49185	0.0009339115	0.8056060	54.23772	0.0005634979	0.01687382	39.06301	0.0004401900	0.7831494	46.54303	0.0004104700	0.3923058	48.91883	0.0002335384	0.3894616	43.52771	0.0002111993	0.1115183	47.28382	0.0001649274	0.3114157
 68	-1.910252e-06	47.43892	0.001049733	0.6095282	53.69187	0.0009632294	0.2685964	50.49184	0.0009374737	0.8054931	54.23770	0.0005633258	0.01621845	39.06302	0.0004385491	0.7830749	46.54303	0.0004099599	0.3929158	48.91874	0.0002312185	0.3891675	43.52781	0.0002104514	0.1077975	47.28383	0.0001649381	0.3047819
 69	-4.938303e-07	47.43891	0.001049514	0.6095814	53.69186	0.0009715602	0.2680145	50.49184	0.0009347006	0.8055050	54.23773	0.0005608252	0.01819744	39.06306	0.0004419011	0.7817483	46.54304	0.0004087005	0.3923739	48.91871	0.0002317616	0.3871450	43.52766	0.0002144284	0.1121564	47.28372	0.0001599096	0.3106029
 70	9.210646e-07	47.43891	0.001047984	0.6091315	53.69185	0.0009674691	0.2680879	50.49182	0.0009340405	0.8052156	54.23774	0.0005670315	0.01670878	39.06304	0.0004382249	0.7821195	46.54300	0.0004104714	0.3930310	48.91881	0.0002292224	0.3883817	43.52774	0.0002132683	0.1110195	47.28377	0.0001680175	0.3068714
 71	-3.485405e-07	47.43890	0.001047299	0.6093418	53.69185	0.0009690577	0.2683489	50.49184	0.0009323044	0.8056039	54.23770	0.0005607712	0.01739766	39.06306	0.0004401974	0.7827160	46.54308	0.0004147977	0.3921009	48.91873	0.0002302446	0.3869711	43.52770	0.0002159760	0.1092716	47.28381	0.0001657710	0.3111213
 72	-2.599053e-06	47.43890	0.001045879	0.6099522	53.69187	0.0009666025	0.2673461	50.49184	0.0009340807	0.8055847	54.23769	0.0005578634	0.01731965	39.06304	0.0004443550	0.7824242	46.54301	0.0004114707	0.3922613	48.91873	0.0002318256	0.3890569	43.52775	0.0002119735	0.1112240	47.28383	0.0001677846	0.3074861
 73	-5.246802e-07	47.43889	0.001047690	0.6096789	53.69188	0.0009679885	0.2680312	50.49184	0.0009363754	0.8058062	54.23770	0.0005612802	0.01701876	39.06305	0.0004372320	0.7833345	46.54302	0.0004134324	0.3927852	48.91881	0.0002255454	0.3883083	43.52773	0.0002111087	0.1099005	47.28379	0.0001653270	0.3078006
 74	1.895504e-06	47.43891	0.001048743	0.6098669	53.69186	0.0009668292	0.2682611	50.49184	0.0009341406	0.8056621	54.23771	0.0005608241	0.01782304	39.06305	0.0004450335	0.7831151	46.54301	0.0004130866	0.3931003	48.91880	0.0002319288	0.3892961	43.52770	0.0002145492	0.1106956	47.28383	0.0001644225	0.3085831
 75	-5.564644e-07	47.43890	0.001045828	0.6094516	53.69187	0.0009681441	0.2678032	50.49183	0.0009367610	0.8056336	54.23768	0.0005620992	0.01737910	39.06310	0.0004386640	0.7817884	46.54305	0.0004143067	0.3933339	48.91880	0.0002303317	0.3870722	43.52778	0.0002126108	0.1096563	47.28378	0.0001641233	0.3075495
 76	9.187070e-07	47.43890	0.001048774	0.6095235	53.69187	0.0009679829	0.2681123	50.49184	0.0009314445	0.8055590	54.23770	0.0005608309	0.01693300	39.06303	0.0004416659	0.7819845	46.54298	0.0004106645	0.3941991	48.91881	0.0002285346	0.3912280	43.52771	0.0002097865	0.1116793	47.28381	0.0001623961	0.3074198
 77	-1.096361e-06	47.43891	0.001045670	0.6095234	53.69185	0.0009662820	0.2681038	50.49183	0.0009343350	0.8052715	54.23770	0.0005596271	0.01735479	39.06305	0.0004419269	0.7821360	46.54301	0.0004161773	0.3923496	48.91873	0.0002343377	0.3890638	43.52771	0.0002145831	0.1102033	47.28378	0.0001657028	0.3065611
 78	-2.151932e-06	47.43892	0.001044888	0.6094964	53.69186	0.0009679986	0.2679606	50.49185	0.0009378434	0.8049770	54.23769	0.0005655135	0.01840690	39.06302	0.0004406754	0.7838281	46.54304	0.0004141987	0.3934929	48.91873	0.0002360256	0.3867701	43.52773	0.0002164856	0.1106590	47.28381	0.0001644146	0.3110654
 79	1.852448e-06	47.43889	0.001049631	0.6099401	53.69182	0.0009648711	0.2680336	50.49185	0.0009347549	0.8055641	54.23774	0.0005595476	0.01746429	39.06308	0.0004397410	0.7828156	46.54303	0.0004149916	0.3930275	48.91871	0.0002313433	0.3871636	43.52767	0.0002124886	0.1093525	47.28385	0.0001659977	0.3094131
 80	4.026316e-07	47.43893	0.001045460	0.6099603	53.69184	0.0009668765	0.2675199	50.49184	0.0009354331	0.8061083	54.23775	0.0005653563	0.01749104	39.06306	0.0004431017	0.7826721	46.54299	0.0004145202	0.3929409	48.91874	0.0002296172	0.3905740	43.52779	0.0002111456	0.1098000	47.28375	0.0001640045	0.3081520
 81	2.338308e-06	47.43888	0.001047712	0.6095472	53.69187	0.0009680822	0.2676263	50.49183	0.0009353118	0.8056659	54.23774	0.0005600731	0.01678049	39.06306	0.0004436821	0.7814623	46.54302	0.0004120215	0.3921786	48.91877	0.0002301210	0.3873326	43.52778	0.0002114267	0.1123756	47.28389	0.0001619120	0.3056141
 82	-1.519689e-06	47.43890	0.001047357	0.6095002	53.69186	0.0009691108	0.2684427	50.49183	0.0009341460	0.8056680	54.23772	0.0005594452	0.01616389	39.06305	0.0004385231	0.7826350	46.54307	0.0004114261	0.3933180	48.91880	0.0002319087	0.3892583	43.52775	0.0002108719	0.1119572	47.28383	0.0001638906	0.3050816
 83	1.297221e-06	47.43889	0.001050896	0.6095747	53.69186	0.0009664215	0.2673888	50.49183	0.0009362438	0.8054262	54.23772	0.0005626302	0.01792067	39.06306	0.0004393089	0.7821981	46.54304	0.0004128858	0.3928277	48.91879	0.0002309017	0.3883699	43.52768	0.0002147026	0.1105345	47.28386	0.0001636004	0.3072931
 84	2.681156e-07	47.43891	0.001046262	0.6093843	53.69184	0.0009662597	0.2682931	50.49183	0.0009312075	0.8060605	54.23771	0.0005569270	0.01697630	39.06304	0.0004401343	0.7824137	46.54300	0.0004077563	0.3919756	48.91874	0.0002289767	0.3867865	43.52770	0.0002150829	0.1115550	47.28376	0.0001628677	0.3089860
 85	1.119760e-06	47.43889	0.001046055	0.6093954	53.69185	0.0009704690	0.2676421	50.49183	0.0009367412	0.8048084	54.23771	0.0005598155	0.01777764	39.06307	0.0004387047	0.7826335	46.54307	0.0004100831	0.3928268	48.91869	0.0002319903	0.3888315	43.52770	0.0002152886	0.1070242	47.28388	0.0001652298	0.3093478
 86	-2.040530e-06	47.43890	0.001048781	0.6098500	53.69183	0.0009709882	0.2678679	50.49183	0.0009343774	0.8056984	54.23772	0.0005593480	0.01803017	39.06302	0.0004423151	0.7823641	46.54306	0.0004094759	0.3930813	48.91880	0.0002338308	0.3875405	43.52772	0.0002143092	0.1111231	47.28384	0.0001656721	0.3068389
 87	1.292065e-06	47.43890	0.001048374	0.6093145	53.69187	0.0009688579	0.2683255	50.49186	0.0009338084	0.8056693	54.23771	0.0005585744	0.01818054	39.06307	0.0004420456	0.7825679	46.54300	0.0004123920	0.3931373	48.91884	0.0002307745	0.3902059	43.52780	0.0002129386	0.1090085	47.28377	0.0001677140	0.3093101
 88	-2.541352e-07	47.43890	0.001050526	0.6096535	53.69186	0.0009666132	0.2682185	50.49185	0.0009355570	0.8056275	54.23773	0.0005639287	0.01711904	39.06304	0.0004390963	0.7827705	46.54304	0.0004136156	0.3915027	48.91867	0.0002274608	0.3893582	43.52779	0.0002095374	0.1090438	47.28377	0.0001645596	0.3119129
 89	-6.703930e-08	47.43890	0.001046703	0.6098907	53.69185	0.0009684083	0.2684808	50.49182	0.0009324258	0.8059065	54.23770	0.0005638139	0.01839413	39.06302	0.0004381158	0.7817969	46.54299	0.0004117178	0.3923043	48.91878	0.0002312248	0.3918204	43.52768	0.0002113763	0.1107381	47.28381	0.0001668594	0.3060586
 90	1.329413e-06	47.43890	0.001044908	0.6097401	53.69186	0.0009665823	0.2685521	50.49184	0.0009348138	0.8056802	54.23773	0.0005641713	0.01740174	39.06300	0.0004390441	0.7821223	46.54304	0.0004105436	0.3927897	48.91875	0.0002303481	0.3891278	43.52770	0.0002113118	0.1096756	47.28375	0.0001646541	0.3094800
 91	-3.217809e-06	47.43892	0.001043601	0.6100862	53.69185	0.0009707568	0.2677108	50.49183	0.0009358741	0.8055757	54.23771	0.0005627254	0.01744710	39.06306	0.0004410232	0.7823657	46.54306	0.0004134299	0.3930191	48.91875	0.0002267353	0.3926835	43.52770	0.0002120240	0.1068593	47.28392	0.0001628699	0.3090937
 92	-1.034894e-06	47.43888	0.001045427	0.6095098	53.69184	0.0009664280	0.2675321	50.49184	0.0009335673	0.8051297	54.23773	0.0005652451	0.01839236	39.06306	0.0004411942	0.7820618	46.54309	0.0004125303	0.3938257	48.91872	0.0002279366	0.3876076	43.52766	0.0002115213	0.1078264	47.28366	0.0001610143	0.3070648
 93	-1.225025e-06	47.43891	0.001048130	0.6089718	53.69185	0.0009698209	0.2675364	50.49186	0.0009357604	0.8053482	54.23772	0.0005621282	0.01694070	39.06307	0.0004436022	0.7832125	46.54309	0.0004159023	0.3924816	48.91876	0.0002291632	0.3883631	43.52775	0.0002155951	0.1096874	47.28394	0.0001654833	0.3082326
 94	2.003461e-07	47.43888	0.001050673	0.6100689	53.69184	0.0009680297	0.2680525	50.49184	0.0009317495	0.8050688	54.23771	0.0005660219	0.01798846	39.06304	0.0004396841	0.7835690	46.54300	0.0004122495	0.3927837	48.91880	0.0002294679	0.3856138	43.52777	0.0002137009	0.1102991	47.28366	0.0001637274	0.3018835
 95	-5.050769e-06	47.43888	0.001045413	0.6090209	53.69185	0.0009679527	0.2683914	50.49185	0.0009372983	0.8053609	54.23772	0.0005567506	0.01809772	39.06307	0.0004442342	0.7833402	46.54304	0.0004143649	0.3949679	48.91878	0.0002339851	0.3897849	43.52766	0.0002159313	0.1095158	47.28382	0.0001632779	0.3081835
 96	2.047695e-06	47.43890	0.001046926	0.6091606	53.69184	0.0009638463	0.2680875	50.49183	0.0009312623	0.8051866	54.23766	0.0005598918	0.01733730	39.06302	0.0004394596	0.7838241	46.54299	0.0004130436	0.3924157	48.91881	0.0002314337	0.3859680	43.52770	0.0002155116	0.1094363	47.28380	0.0001674181	0.3116131
 97	-2.948375e-07	47.43891	0.001048176	0.6095391	53.69187	0.0009693959	0.2679647	50.49182	0.0009336006	0.8056220	54.23773	0.0005649411	0.01778415	39.06302	0.0004406141	0.7821898	46.54302	0.0004123992	0.3945983	48.91884	0.0002298002	0.3871128	43.52770	0.0002095684	0.1084450	47.28381	0.0001653771	0.3117755
 98	9.448021e-07	47.43891	0.001050306	0.6093357	53.69185	0.0009650066	0.2681522	50.49183	0.0009376187	0.8053662	54.23770	0.0005600455	0.01704035	39.06306	0.0004429583	0.7803086	46.54303	0.0004119566	0.3936915	48.91878	0.0002316429	0.3900471	43.52783	0.0002163713	0.1098921	47.28371	0.0001668129	0.3090052
 99	-3.493127e-07	47.43892	0.001051940	0.6099669	53.69187	0.0009674703	0.2676835	50.49181	0.0009348355	0.8057025	54.23773	0.0005643325	0.01784348	39.06309	0.0004391601	0.7832907	46.54301	0.0004117268	0.3920061	48.91882	0.0002324331	0.3899932	43.52769	0.0002152822	0.1101146	47.28363	0.0001645287	0.3084201
 100	-7.470369e-07	47.43888	0.001045187	0.6094924	53.69186	0.0009706396	0.2680314	50.49183	0.0009394567	0.8060655	54.23765	0.0005602267	0.01721521	39.06303	0.0004417277	0.7824966	46.54301	0.0004138278	0.3926959	48.91877	0.0002287536	0.3897335	43.52765	0.0002140712	0.1102559	47.28379	0.0001595720	0.3137534
 101	-1.255365e-06	47.43892	0.001047761	0.6096638	53.69184	0.0009701980	0.2675849	50.49183	0.0009356740	0.8057557	54.23770	0.0005660272	0.01851992	39.06305	0.0004374249	0.7834928	46.54306	0.0004163740	0.3926509	48.91873	0.0002313086	0.3891483	43.52769	0.0002172346	0.1128110	47.28373	0.0001665566	0.3078203
 102	6.714607e-08	47.43892	0.001046126	0.6091782	53.69184	0.0009696022	0.2678804	50.49183	0.0009334946	0.8054262	54.23771	0.0005632601	0.01601273	39.06311	0.0004381564	0.7830387	46.54305	0.0004127870	0.3930578	48.91880	0.0002302174	0.3908781	43.52766	0.0002115910	0.1090984	47.28379	0.0001691205	0.3095381
 103	-3.983849e-07	47.43890	0.001048872	0.6091350	53.69184	0.0009661224	0.2676559	50.49183	0.0009353749	0.8050381	54.23775	0.0005628464	0.01744306	39.06301	0.0004437645	0.7815084	46.54302	0.0004112572	0.3924687	48.91877	0.0002307220	0.3880044	43.52780	0.0002118163	0.1106607	47.28381	0.0001665770	0.3099085
 104	-2.480996e-06	47.43890	0.001047948	0.6098104	53.69185	0.0009653461	0.2686976	50.49185	0.0009363899	0.8065239	54.23773	0.0005581702	0.01762139	39.06304	0.0004423705	0.7827558	46.54303	0.0004106557	0.3941082	48.91887	0.0002307689	0.3882226	43.52777	0.0002127717	0.1088586	47.28383	0.0001659403	0.3100205
 105	1.372741e-06	47.43890	0.001044675	0.6098755	53.69187	0.0009679219	0.2679547	50.49184	0.0009328335	0.8055450	54.23769	0.0005586094	0.01742801	39.06304	0.0004410235	0.7828282	46.54301	0.0004141536	0.3930502	48.91884	0.0002335053	0.3893921	43.52769	0.0002115526	0.1121272	47.28368	0.0001653196	0.3074791
 106	1.332574e-06	47.43890	0.001050451	0.6095885	53.69186	0.0009680397	0.2677349	50.49185	0.0009354472	0.8051784	54.23774	0.0005641406	0.01701257	39.06305	0.0004404741	0.7825189	46.54300	0.0004116117	0.3931264	48.91878	0.0002329844	0.3896880	43.52765	0.0002116002	0.1085075	47.28385	0.0001643082	0.3089387
 107	4.579056e-07	47.43892	0.001047236	0.6095598	53.69185	0.0009671465	0.2677953	50.49184	0.0009312020	0.8058971	54.23771	0.0005623982	0.01779397	39.06306	0.0004453091	0.7819824	46.54297	0.0004147687	0.3934961	48.91879	0.0002304649	0.3883207	43.52775	0.0002123571	0.1079163	47.28376	0.0001635350	0.3059367
 108	7.769034e-07	47.43889	0.001046450	0.6093321	53.69185	0.0009636252	0.2676125	50.49184	0.0009329517	0.8056626	54.23771	0.0005600565	0.01687324	39.06305	0.0004406019	0.7817012	46.54301	0.0004143231	0.3935755	48.91882	0.0002284608	0.3876805	43.52763	0.0002116722	0.1113422	47.28375	0.0001651165	0.3074564
 109	6.655994e-08	47.43891	0.001049949	0.6100212	53.69187	0.0009653820	0.2681894	50.49183	0.0009361587	0.8056869	54.23767	0.0005604613	0.01658745	39.06303	0.0004404271	0.7832162	46.54306	0.0004130655	0.3930522	48.91871	0.0002331176	0.3900421	43.52779	0.0002150052	0.1101292	47.28377	0.0001665609	0.3032732
 110	1.722350e-06	47.43890	0.001048253	0.6092164	53.69185	0.0009678932	0.2680198	50.49183	0.0009378798	0.8053451	54.23772	0.0005649438	0.01720009	39.06307	0.0004352388	0.7818256	46.54302	0.0004117953	0.3928857	48.91892	0.0002289546	0.3900657	43.52777	0.0002139600	0.1092422	47.28383	0.0001659349	0.3096315
 111	-1.369502e-06	47.43889	0.001047615	0.6092988	53.69185	0.0009709488	0.2686863	50.49185	0.0009345775	0.8059332	54.23772	0.0005616541	0.01768910	39.06306	0.0004383163	0.7838500	46.54300	0.0004131439	0.3935924	48.91878	0.0002311076	0.3885474	43.52772	0.0002188512	0.1126533	47.28383	0.0001672768	0.3058673
 112	-5.320959e-07	47.43890	0.001049360	0.6097050	53.69184	0.0009652870	0.2674921	50.49182	0.0009376617	0.8050062	54.23773	0.0005644362	0.01643666	39.06303	0.0004400272	0.7824784	46.54301	0.0004076399	0.3918842	48.91870	0.0002307574	0.3884234	43.52781	0.0002122435	0.1096171	47.28375	0.0001670408	0.3051412
 113	-1.035467e-06	47.43893	0.001046850	0.6092351	53.69183	0.0009716861	0.2681782	50.49182	0.0009351544	0.8056796	54.23773	0.0005609331	0.01737208	39.06306	0.0004419006	0.7815860	46.54302	0.0004111680	0.3925306	48.91873	0.0002276781	0.3893239	43.52767	0.0002110810	0.1090264	47.28376	0.0001656132	0.3072493
 114	-1.326026e-06	47.43892	0.001042378	0.6099105	53.69185	0.0009680549	0.2678848	50.49183	0.0009341466	0.8051888	54.23775	0.0005641115	0.01773555	39.06306	0.0004416555	0.7827820	46.54302	0.0004095797	0.3926678	48.91880	0.0002317033	0.3901589	43.52774	0.0002109118	0.1078283	47.28374	0.0001631474	0.3082775
 115	-8.095614e-07	47.43891	0.001046826	0.6094163	53.69185	0.0009659892	0.2684324	50.49183	0.0009356016	0.8057994	54.23772	0.0005597193	0.01856766	39.06301	0.0004362528	0.7823551	46.54304	0.0004137426	0.3915452	48.91881	0.0002291641	0.3892806	43.52772	0.0002114139	0.1097319	47.28378	0.0001632167	0.3070790
 116	-2.960706e-06	47.43890	0.001048361	0.6099716	53.69186	0.0009680917	0.2683340	50.49180	0.0009360522	0.8054023	54.23771	0.0005647703	0.01734646	39.06306	0.0004406181	0.7825974	46.54304	0.0004108093	0.3930382	48.91885	0.0002330228	0.3893834	43.52766	0.0002117866	0.1063831	47.28369	0.0001673143	0.3074091
 117	5.678472e-07	47.43891	0.001051500	0.6094702	53.69187	0.0009673909	0.2679757	50.49185	0.0009356252	0.8056485	54.23768	0.0005570183	0.01705193	39.06304	0.0004397531	0.7822632	46.54298	0.0004076769	0.3928447	48.91880	0.0002329325	0.3885162	43.52771	0.0002132333	0.1062503	47.28376	0.0001658887	0.3078277
 118	-1.304448e-06	47.43890	0.001048489	0.6089685	53.69184	0.0009661531	0.2683510	50.49185	0.0009336541	0.8058168	54.23772	0.0005605664	0.01754125	39.06307	0.0004419967	0.7826326	46.54301	0.0004158561	0.3933815	48.91880	0.0002291185	0.3891627	43.52772	0.0002127657	0.1088347	47.28389	0.0001619449	0.3070120
 119	-7.775815e-08	47.43890	0.001049393	0.6094635	53.69189	0.0009677115	0.2677519	50.49181	0.0009360565	0.8053458	54.23770	0.0005639433	0.01780928	39.06305	0.0004395718	0.7839724	46.54305	0.0004108409	0.3920907	48.91883	0.0002291594	0.3885482	43.52767	0.0002116425	0.1099286	47.28380	0.0001636509	0.3105639
 120	5.054269e-07	47.43892	0.001046891	0.6089503	53.69185	0.0009650691	0.2680486	50.49184	0.0009314589	0.8055188	54.23774	0.0005621752	0.01756681	39.06301	0.0004415564	0.7827235	46.54301	0.0004107360	0.3929810	48.91875	0.0002294866	0.3877223	43.52772	0.0002090955	0.1060354	47.28384	0.0001629046	0.3065740
 121	-2.572576e-06	47.43891	0.001047899	0.6099944	53.69186	0.0009693196	0.2680909	50.49185	0.0009364931	0.8054739	54.23772	0.0005575473	0.01709747	39.06308	0.0004413522	0.7823233	46.54305	0.0004140899	0.3927731	48.91876	0.0002330209	0.3880333	43.52770	0.0002124503	0.1071582	47.28386	0.0001623505	0.3081740
 122	-9.652380e-07	47.43890	0.001047761	0.6098644	53.69185	0.0009685355	0.2680804	50.49184	0.0009319247	0.8056725	54.23769	0.0005587647	0.01708329	39.06302	0.0004402108	0.7827722	46.54303	0.0004116251	0.3919606	48.91872	0.0002288298	0.3881134	43.52777	0.0002142273	0.1105940	47.28385	0.0001621345	0.3081210
 123	3.861451e-08	47.43890	0.001049122	0.6094629	53.69185	0.0009693422	0.2681882	50.49184	0.0009345761	0.8055308	54.23772	0.0005606283	0.01768913	39.06303	0.0004396455	0.7818838	46.54302	0.0004092600	0.3897992	48.91885	0.0002335346	0.3891123	43.52772	0.0002152755	0.1078669	47.28381	0.0001638035	0.3091487
 124	2.308892e-07	47.43891	0.001046810	0.6096452	53.69185	0.0009674234	0.2678771	50.49184	0.0009382360	0.8057666	54.23775	0.0005622747	0.01744469	39.06306	0.0004430706	0.7827521	46.54304	0.0004107423	0.3915422	48.91873	0.0002302221	0.3890242	43.52774	0.0002147393	0.1070051	47.28392	0.0001652090	0.3096240
 125	-6.730568e-07	47.43889	0.001048070	0.6092694	53.69186	0.0009662992	0.2679646	50.49184	0.0009340218	0.8055804	54.23772	0.0005631110	0.01736715	39.06303	0.0004420297	0.7844506	46.54303	0.0004134200	0.3935004	48.91888	0.0002298082	0.3900467	43.52777	0.0002111337	0.1089369	47.28377	0.0001649275	0.3081912
 126	1.661061e-06	47.43890	0.001048656	0.6095652	53.69185	0.0009724159	0.2680372	50.49184	0.0009303479	0.8054920	54.23770	0.0005610123	0.01702206	39.06308	0.0004436477	0.7841158	46.54307	0.0004118213	0.3924403	48.91872	0.0002269437	0.3885190	43.52778	0.0002127721	0.1124948	47.28387	0.0001643981	0.3070329
 127	2.569308e-06	47.43889	0.001045821	0.6094866	53.69185	0.0009681648	0.2682146	50.49185	0.0009330472	0.8057020	54.23769	0.0005614119	0.01726179	39.06308	0.0004396630	0.7819277	46.54301	0.0004153772	0.3928191	48.91880	0.0002300968	0.3890416	43.52763	0.0002123925	0.1104581	47.28377	0.0001676860	0.3080395
 128	-8.782439e-07	47.43890	0.001043318	0.6094984	53.69186	0.0009638074	0.2677731	50.49184	0.0009330075	0.8053346	54.23772	0.0005648256	0.01672290	39.06304	0.0004416799	0.7839187	46.54301	0.0004143908	0.3915226	48.91878	0.0002306399	0.3887003	43.52767	0.0002157404	0.1084502	47.28385	0.0001653409	0.3063794
 129	-1.594999e-06	47.43888	0.001048183	0.6094946	53.69185	0.0009647958	0.2676772	50.49184	0.0009375151	0.8064863	54.23771	0.0005646270	0.01792607	39.06309	0.0004419231	0.7825480	46.54302	0.0004112967	0.3924900	48.91865	0.0002317050	0.3925378	43.52775	0.0002107092	0.1067507	47.28381	0.0001646251	0.3076430
 130	-9.734460e-07	47.43888	0.001052792	0.6096872	53.69185	0.0009659768	0.2682493	50.49183	0.0009304874	0.8050801	54.23773	0.0005608642	0.01700260	39.06306	0.0004381504	0.7838214	46.54303	0.0004113395	0.3925750	48.91884	0.0002307309	0.3891132	43.52773	0.0002142386	0.1116354	47.28378	0.0001629606	0.3097546
 131	-1.125088e-06	47.43889	0.001046207	0.6096150	53.69185	0.0009687930	0.2679390	50.49182	0.0009344226	0.8054978	54.23773	0.0005643152	0.01712760	39.06304	0.0004442485	0.7814910	46.54302	0.0004073470	0.3922978	48.91879	0.0002325706	0.3859616	43.52767	0.0002121564	0.1109589	47.28367	0.0001628025	0.3097839
 132	9.597980e-07	47.43891	0.001047290	0.6097181	53.69186	0.0009700294	0.2673549	50.49184	0.0009331397	0.8052641	54.23774	0.0005614074	0.01702631	39.06301	0.0004417033	0.7826459	46.54306	0.0004070522	0.3927200	48.91872	0.0002272848	0.3894246	43.52776	0.0002111568	0.1098769	47.28377	0.0001646036	0.3096893
 133	2.303797e-06	47.43891	0.001047227	0.6093250	53.69184	0.0009685028	0.2680820	50.49184	0.0009352954	0.8051839	54.23771	0.0005631988	0.01742131	39.06313	0.0004396431	0.7840826	46.54303	0.0004086301	0.3934244	48.91873	0.0002294417	0.3877606	43.52777	0.0002102291	0.1117136	47.28378	0.0001640274	0.3085323
 134	-1.430169e-06	47.43890	0.001045669	0.6091306	53.69185	0.0009686631	0.2682521	50.49183	0.0009312691	0.8051939	54.23771	0.0005615325	0.01737047	39.06308	0.0004434389	0.7828286	46.54305	0.0004102441	0.3923563	48.91870	0.0002316510	0.3889760	43.52777	0.0002122254	0.1108886	47.28390	0.0001675509	0.3083558
 135	-1.987275e-06	47.43889	0.001047327	0.6094908	53.69188	0.0009711131	0.2677422	50.49185	0.0009324903	0.8053306	54.23773	0.0005631917	0.01700291	39.06304	0.0004406559	0.7826290	46.54304	0.0004152705	0.3912147	48.91879	0.0002283001	0.3874906	43.52780	0.0002112738	0.1084787	47.28376	0.0001653733	0.3070536
 136	-1.317579e-06	47.43891	0.001048917	0.6095590	53.69184	0.0009633283	0.2677056	50.49184	0.0009364084	0.8052610	54.23772	0.0005621241	0.01652119	39.06305	0.0004407125	0.7836442	46.54304	0.0004101588	0.3924929	48.91878	0.0002311720	0.3863602	43.52777	0.0002151173	0.1123970	47.28385	0.0001646800	0.3054803
 137	1.376314e-06	47.43889	0.001045885	0.6093391	53.69186	0.0009702863	0.2685398	50.49183	0.0009346770	0.8060098	54.23770	0.0005629314	0.01600718	39.06305	0.0004415941	0.7815957	46.54299	0.0004136382	0.3920642	48.91877	0.0002349217	0.3889666	43.52761	0.0002081155	0.1091602	47.28381	0.0001665570	0.3080049
 138	-5.673080e-07	47.43890	0.001046289	0.6096785	53.69188	0.0009636433	0.2681499	50.49183	0.0009332654	0.8058504	54.23771	0.0005618979	0.01747978	39.06304	0.0004390952	0.7837251	46.54305	0.0004114679	0.3920867	48.91873	0.0002315160	0.3898525	43.52772	0.0002165825	0.1079439	47.28380	0.0001628396	0.3091632
 139	3.352758e-06	47.43889	0.001048418	0.6094784	53.69184	0.0009652731	0.2680923	50.49184	0.0009327717	0.8053979	54.23769	0.0005633780	0.01768909	39.06304	0.0004373411	0.7822354	46.54303	0.0004142865	0.3933136	48.91876	0.0002313053	0.3875000	43.52775	0.0002103848	0.1123832	47.28366	0.0001631771	0.3041377
 140	-2.137653e-06	47.43891	0.001049193	0.6096044	53.69184	0.0009654885	0.2678891	50.49183	0.0009357070	0.8054768	54.23770	0.0005622073	0.01828854	39.06302	0.0004394603	0.7833261	46.54304	0.0004114832	0.3934401	48.91878	0.0002321600	0.3877525	43.52767	0.0002123223	0.1127990	47.28384	0.0001626160	0.3070727
 141	-5.365073e-08	47.43892	0.001043913	0.6093876	53.69186	0.0009651139	0.2680350	50.49185	0.0009336665	0.8063292	54.23772	0.0005623650	0.01778718	39.06306	0.0004368197	0.7818723	46.54302	0.0004093661	0.3909377	48.91883	0.0002309772	0.3868197	43.52771	0.0002099374	0.1080573	47.28387	0.0001653000	0.3066990
 142	-1.501351e-08	47.43891	0.001048990	0.6092268	53.69185	0.0009675716	0.2680724	50.49182	0.0009362874	0.8059192	54.23769	0.0005597984	0.01737226	39.06304	0.0004456314	0.7824439	46.54304	0.0004123766	0.3924246	48.91875	0.0002323209	0.3917196	43.52772	0.0002132322	0.1105963	47.28378	0.0001603135	0.3073364
 143	-1.265083e-06	47.43890	0.001049206	0.6092531	53.69186	0.0009670736	0.2680216	50.49183	0.0009314519	0.8061556	54.23770	0.0005614773	0.01794294	39.06311	0.0004442432	0.7830574	46.54301	0.0004137761	0.3924364	48.91869	0.0002333674	0.3871718	43.52770	0.0002123158	0.1096788	47.28363	0.0001641271	0.3135651
 144	1.204698e-06	47.43890	0.001047846	0.6093566	53.69185	0.0009697988	0.2680160	50.49184	0.0009372673	0.8056154	54.23772	0.0005624399	0.01661516	39.06310	0.0004418642	0.7831437	46.54302	0.0004131130	0.3922694	48.91875	0.0002317390	0.3896763	43.52771	0.0002114041	0.1093101	47.28372	0.0001653804	0.3037850
 145	-3.920074e-07	47.43891	0.001046629	0.6092224	53.69187	0.0009698533	0.2682065	50.49183	0.0009337873	0.8059089	54.23775	0.0005618498	0.01644472	39.06302	0.0004393291	0.7829349	46.54303	0.0004147622	0.3925316	48.91880	0.0002291032	0.3898726	43.52775	0.0002125489	0.1121193	47.28394	0.0001646749	0.3092648
 146	-2.642062e-06	47.43892	0.001049198	0.6097653	53.69184	0.0009684543	0.2680239	50.49183	0.0009339626	0.8051919	54.23772	0.0005607701	0.01728794	39.06300	0.0004380946	0.7822672	46.54301	0.0004113503	0.3913644	48.91883	0.0002288631	0.3871012	43.52766	0.0002129619	0.1084526	47.28371	0.0001648739	0.3097263

Please note:
The 'Uncouple frequency and phase uncertainties' option
has been used for this calculation. To provide uncorrelated
uncertainties the time string has been shifted in time,
so that the 'average time' is zero. For this reason, 
the phases displayed here do have a different value as opposed
to the unshifted data set.

